
[11:56:05.118] {"Running version":"4.4.2"}

[11:56:05.120] [[Core Manifest]] Loading addon manifest ...
[11:56:05.121] [[User Manifest]] Loading addon manifest ...
[11:56:05.270] Connecting to joseda@iadb.org.idbinvestprod using SFDX CLI ...
[11:56:08.87] Successfully connected to joseda@iadb.org.idbinvestprod.
[11:56:08.935] Connecting to joseda@iadb.org.idbinvestprod.codemerge using SFDX CLI ...
[11:56:10.783] Successfully connected to joseda@iadb.org.idbinvestprod.codemerge.
[11:56:11.93] {"SOURCE":"joseda@iadb.org.idbinvestprod.","TARGET":"joseda@iadb.org.idbinvestprod.codemerge.","Package script":"C:\\Users\\joseda\\OneDrive - Inter-American Development Bank Group\\Desktop\\DataMover\\IADBInvest\\export.json."}

[11:56:11.97] GETTING AND ANALYSING OBJECTS METADATA ...
[11:56:11.98] Processing the sObject Account ...
[11:56:11.99] Getting metadata for Account (SOURCE)
[11:56:12.95] Getting metadata for Account (TARGET)
[11:56:12.353] Processing the sObject Account ...
[11:56:12.359] Getting metadata for Contact (SOURCE)
[11:56:13.543] Getting metadata for Contact (TARGET)
[11:56:14.143] The parent sobject Contact for the lookup field Account.FinServ__PrimaryContact__c has been included into the process. The externalId is set to 'Name'.

[11:56:14.148] PREPARING DATA MIGRATION JOB ...
[11:56:14.149] Building migration strategy ...
[11:56:14.151] {"Order of objects to retrieve data":"Account; Contact"}
[11:56:14.151] {"Order of objects to delete data":"Account; Contact"}
[11:56:14.152] {"Order of objects to update data":"Contact; Account"}
[11:56:14.153] Preparing has been finished.

[11:56:14.154] GETTING THE TOTAL AMOUNT OF RECORDS LIMITED BY THE OBJECT'S SOQL QUERY ...
[11:56:14.413] {Contact} Total amount of the SOURCE records: 52
[11:56:14.496] {Contact} Total amount of the TARGET records: 52
[11:56:14.735] {Account} Total amount of the SOURCE records: 9
[11:56:14.794] {Account} Total amount of the TARGET records: 9

[11:56:14.795] PROCESSING ADDON HANDLERS ...
[11:56:14.796] No handlers to process.

[11:56:14.797] Ready to process the data.

[11:56:14.798] DELETING OLD DATA FROM THE TARGET ...
[11:56:14.799] {Account} No records to delete.
[11:56:14.799] {Contact} No records to delete.
[11:56:14.800] Deleting data was skipped.

[11:56:14.801] RETRIEVING THE DATA STEP 1 ...
[11:56:14.803] {Account} Retrieving the SOURCE data from Org (STEP 1: all records) ...
[11:56:14.804] {Account} Query string: SELECT Id, Name, Type, ParentId, BillingStreet, BillingCity, BillingState, BillingPostalCode, BillingCountry, BillingLatitude, BillingLongitude, BillingGeocodeAccuracy, ShippingStreet, ShippingCity, ShippingState, ShippingPostalCode, ShippingCountry,... FROM  Account.
[11:56:15.180] {Account} Retrieving the SOURCE data has been completed. Fetched 9 new records.
[11:56:15.181] Retrieving the data STEP 1 has been completed.

[11:56:15.183] RETRIEVING THE DATA STEP 2 ...
[11:56:15.184] PASS 1
[11:56:15.184] =============
[11:56:15.185] No records

[11:56:15.186] PASS 2
[11:56:15.187] =============
[11:56:15.187] No records

[11:56:15.188] PASS 3
[11:56:15.189] =============
[11:56:15.190] No records

[11:56:15.191] PASS 4
[11:56:15.192] =============
[11:56:15.193] No records

[11:56:15.194] TARGET
[11:56:15.195] =============
[11:56:15.196] {Account} Retrieving the TARGET data from Org (STEP 2: all records) ...
[11:56:15.196] {Account} Query string: SELECT Id, Name, Type, ParentId, BillingStreet, BillingCity, BillingState, BillingPostalCode, BillingCountry, BillingLatitude, BillingLongitude, BillingGeocodeAccuracy, ShippingStreet, ShippingCity, ShippingState, ShippingPostalCode, ShippingCountry,... FROM  Account.
[11:56:15.347] {Account} Retrieving the TARGET data has been completed. Fetched 9 new records.
[11:56:15.348] Retrieving the data STEP 2 has been completed.

[11:56:15.349] PROCESSING ADDON HANDLERS ...
[11:56:15.350] No handlers to process.


[11:56:15.352] DATA RETRIEVING SUMMARY
[11:56:15.353] {Account} Total retrieved within all steps (source/target): 9/9 records.
[11:56:15.354] {Contact} Total retrieved within all steps (source/target): 0/0 records.

[11:56:15.355] UPDATING THE TARGET STEP 1 ...
[11:56:15.359] {Account} Number of records to Insert: 1.
[11:56:15.362] {Account} The Insert API operation has been started using REST API.
[11:56:15.363] [Job# REST:Insert] {Account} The job has been created. Uploading data ...
[11:56:17.925][WARN] [Batch# REST:Insert] {Account} Incompleted. 0 records succeeded, 1 records failed.
[11:56:17.926] {Account} The Insert API operation has been finished.
[11:56:17.929] {Account} [INFO] There are 8 skipped target updates, since no matching was found between the source and the target records by the given ExternalId key, or the data is the same.
[11:56:17.930] {Account} Updating the Target has been completed. Processed 1 records.
[11:56:17.930] Updating the Target (STEP 1) has been completed. Total processed 1 records.

[11:56:17.932] UPDATING THE TARGET STEP 2 ...
[11:56:17.934] {Account} [INFO] There are 8 skipped target updates, since no matching was found between the source and the target records by the given ExternalId key, or the data is the same.
[11:56:17.934] Nothing was updated

[11:56:17.936] PROCESSING ADDON HANDLERS ...
[11:56:17.937] No handlers to process.


[11:56:17.939] DATA PROCESSING SUMMARY
[11:56:17.939] {Account} Total processed within all steps (Insert + Update): 1 records.
[11:56:17.940] {Contact} Total processed within all steps (Insert + Update): 0 records.

[11:56:17.941] Writing to C:\Users\joseda\OneDrive - Inter-American Development Bank Group\Desktop\DataMover\IADBInvest\MissingParentRecordsReport.csv ...


[11:56:17.943] PROCESSING ADDON HANDLERS ...
[11:56:17.943] No handlers to process.

[11:56:17.954] Command succeeded.
[11:56:17.957] Execution of the command sfdmu:run has been finished. Exit code 0 (SUCCESS).
[11:56:17.958] Total time elapsed: 00h 00m 12s 845ms .