
[12:32:12.454] {"Running version":"4.4.2"}

[12:32:12.458] [[Core Manifest]] Loading addon manifest ...
[12:32:12.461] [[User Manifest]] Loading addon manifest ...
[12:32:12.924] Connecting to joseda@iadb.org.idbinvestprod using SFDX CLI ...
[12:32:17.514] Successfully connected to joseda@iadb.org.idbinvestprod.
[12:32:18.525] Connecting to joseda@iadb.org.idbinvestprod.codemerge using SFDX CLI ...
[12:32:21.358] Successfully connected to joseda@iadb.org.idbinvestprod.codemerge.
[12:32:21.673] {"SOURCE":"joseda@iadb.org.idbinvestprod.","TARGET":"joseda@iadb.org.idbinvestprod.codemerge.","Package script":"C:\\Users\\joseda\\OneDrive - Inter-American Development Bank Group\\Desktop\\DataMover\\IADBInvest\\export.json."}

[12:32:21.678] GETTING AND ANALYSING OBJECTS METADATA ...
[12:32:21.679] Processing the sObject RecordType ...
[12:32:21.681] Getting metadata for RecordType (SOURCE)
[12:32:22.211] Getting metadata for RecordType (TARGET)
[12:32:22.428] Processing the sObject Account ...
[12:32:22.429] Getting metadata for Account (SOURCE)
[12:32:23.398] Getting metadata for Account (TARGET)
[12:32:23.671] Processing the sObject Contact ...
[12:32:23.672] Getting metadata for Contact (SOURCE)
[12:32:24.756] Getting metadata for Contact (TARGET)
[12:32:25.75] Processing the sObject AccountContactRelation ...
[12:32:25.77] Getting metadata for AccountContactRelation (SOURCE)
[12:32:25.464] Getting metadata for AccountContactRelation (TARGET)
[12:32:25.573] Processing the sObject Opportunity ...
[12:32:25.574] Getting metadata for Opportunity (SOURCE)
[12:32:26.248] Getting metadata for Opportunity (TARGET)
[12:32:26.416] Processing the sObject IDB_Client_Opportunity_Team_Member__c ...
[12:32:26.417] Getting metadata for IDB_Client_Opportunity_Team_Member__c (SOURCE)
[12:32:26.807] Getting metadata for IDB_Client_Opportunity_Team_Member__c (TARGET)
[12:32:26.933] Processing the sObject Comment__c ...
[12:32:26.934] Getting metadata for Comment__c (SOURCE)
[12:32:27.253] Getting metadata for Comment__c (TARGET)
[12:32:27.372] Processing the sObject Document_Checklist_Template__c ...
[12:32:27.373] Getting metadata for Document_Checklist_Template__c (SOURCE)
[12:32:27.851] Getting metadata for Document_Checklist_Template__c (TARGET)
[12:32:28.10] Processing the sObject Document_Checklist_Item__c ...
[12:32:28.11] Getting metadata for Document_Checklist_Item__c (SOURCE)
[12:32:28.625] Getting metadata for Document_Checklist_Item__c (TARGET)
[12:32:28.829] Processing the sObject IDB_Integrity_Due_Diligence_Form__c ...
[12:32:28.830] Getting metadata for IDB_Integrity_Due_Diligence_Form__c (SOURCE)
[12:32:29.411] Getting metadata for IDB_Integrity_Due_Diligence_Form__c (TARGET)
[12:32:30.86] Processing the sObject IDB_Integrity_Due_Diligence_Form_Fund__c ...
[12:32:30.87] Getting metadata for IDB_Integrity_Due_Diligence_Form_Fund__c (SOURCE)
[12:32:31.292] Getting metadata for IDB_Integrity_Due_Diligence_Form_Fund__c (TARGET)
[12:32:33.837] Processing the sObject IDB_Integrity_Due_Diligence_Form_Fund__c ...
[12:32:33.839] Processing the sObject IDB_Integrity_Due_Diligence_Form__c ...
[12:32:33.839] Processing the sObject Document_Checklist_Item__c ...
[12:32:33.843] Getting metadata for Survey (SOURCE)
[12:32:34.177] Getting metadata for Survey (TARGET)
[12:32:34.329] The parent sobject Survey for the lookup field Document_Checklist_Item__c.IDB_Survey__c has been included into the process. The externalId is set to 'Name'.
[12:32:34.330] Processing the sObject Document_Checklist_Template__c ...
[12:32:34.330] Processing the sObject Comment__c ...
[12:32:34.332] Processing the sObject IDB_Client_Opportunity_Team_Member__c ...
[12:32:34.333] Processing the sObject Opportunity ...
[12:32:34.335] Getting metadata for Campaign (SOURCE)
[12:32:34.835] Getting metadata for Campaign (TARGET)
[12:32:34.966] The parent sobject Campaign for the lookup field Opportunity.CampaignId has been included into the process. The externalId is set to 'Name'.
[12:32:34.969] Getting metadata for Pricebook2 (SOURCE)
[12:32:35.219] Getting metadata for Pricebook2 (TARGET)
[12:32:35.307] The parent sobject Pricebook2 for the lookup field Opportunity.Pricebook2Id has been included into the process. The externalId is set to 'Name'.
[12:32:35.310] Getting metadata for Quote (SOURCE)
[12:32:35.963] Getting metadata for Quote (TARGET)
[12:32:36.108] The parent sobject Quote for the lookup field Opportunity.SyncedQuoteId has been included into the process. The externalId is set to 'Name'.
[12:32:36.110] Getting metadata for Contract (SOURCE)
[12:32:36.625] Getting metadata for Contract (TARGET)
[12:32:36.778] The parent sobject Contract for the lookup field Opportunity.ContractId has been included into the process. The externalId is set to 'ContractNumber'.
[12:32:36.783] Getting metadata for FinServ__FinancialAccount__c (SOURCE)
[12:32:37.663] Getting metadata for FinServ__FinancialAccount__c (TARGET)
[12:32:37.873] The parent sobject FinServ__FinancialAccount__c for the lookup field Opportunity.FinServ__FinancialAccount__c has been included into the process. The externalId is set to 'Name'.
[12:32:37.875] Processing the sObject AccountContactRelation ...
[12:32:37.877] Processing the sObject Contact ...
[12:32:37.881] Getting metadata for Individual (SOURCE)
[12:32:38.344] Getting metadata for Individual (TARGET)
[12:32:38.436] The parent sobject Individual for the lookup field Contact.IndividualId has been included into the process. The externalId is set to 'Name'.
[12:32:38.440] Processing the sObject Account ...
[12:32:38.446] Processing the sObject RecordType ...

[12:32:38.451] PREPARING DATA MIGRATION JOB ...
[12:32:38.452] Building migration strategy ...
[12:32:38.466] {"Order of objects to retrieve data":"RecordType; Contact; Account; AccountContactRelation; IDB_Client_Opportunity_Team_Member__c; Comment__c; Document_Checklist_Template__c; Document_Checklist_Item__c; IDB_Integrity_Due_Diligence_Form__c; IDB_Integrity_Due_Diligence_Form_Fund__c; Individual; FinServ__FinancialAccount__c; Contract; Quote; Pricebook2; Campaign; Survey; Opportunity"}
[12:32:38.468] {"Order of objects to delete data":"IDB_Integrity_Due_Diligence_Form_Fund__c; IDB_Integrity_Due_Diligence_Form__c; Document_Checklist_Item__c; Document_Checklist_Template__c; Comment__c; IDB_Client_Opportunity_Team_Member__c; Opportunity; AccountContactRelation; Account; Contact; Survey; Campaign; Pricebook2; Quote; Contract; FinServ__FinancialAccount__c; Individual; RecordType"}
[12:32:38.468] {"Order of objects to update data":"RecordType; Individual; FinServ__FinancialAccount__c; Contract; Quote; Pricebook2; Campaign; Survey; Contact; Account; AccountContactRelation; Opportunity; IDB_Client_Opportunity_Team_Member__c; Comment__c; Document_Checklist_Template__c; Document_Checklist_Item__c; IDB_Integrity_Due_Diligence_Form__c; IDB_Integrity_Due_Diligence_Form_Fund__c"}
[12:32:38.470] Preparing has been finished.

[12:32:38.471] GETTING THE TOTAL AMOUNT OF RECORDS LIMITED BY THE OBJECT'S SOQL QUERY ...
[12:32:38.733] {RecordType} Total amount of the SOURCE records: 67
[12:32:38.795] {RecordType} Total amount of the TARGET records: 67
[12:32:39.28] {Individual} Total amount of the SOURCE records: 0
[12:32:39.102] {Individual} Total amount of the TARGET records: 0
[12:32:39.341] {FinServ__FinancialAccount__c} Total amount of the SOURCE records: 0
[12:32:39.393] {FinServ__FinancialAccount__c} Total amount of the TARGET records: 0
[12:32:39.625] {Contract} Total amount of the SOURCE records: 0
[12:32:39.698] {Contract} Total amount of the TARGET records: 0
[12:32:39.957] {Quote} Total amount of the SOURCE records: 0
[12:32:40.43] {Quote} Total amount of the TARGET records: 0
[12:32:40.341] {Pricebook2} Total amount of the SOURCE records: 1
[12:32:40.394] {Pricebook2} Total amount of the TARGET records: 1
[12:32:40.664] {Campaign} Total amount of the SOURCE records: 3
[12:32:40.755] {Campaign} Total amount of the TARGET records: 0
[12:32:40.975] {Survey} Total amount of the SOURCE records: 2
[12:32:41.275] {Survey} Total amount of the TARGET records: 2
[12:32:41.551] {Contact} Total amount of the SOURCE records: 52
[12:32:41.624] {Contact} Total amount of the TARGET records: 0
[12:32:41.867] {Account} Total amount of the SOURCE records: 9
[12:32:41.922] {Account} Total amount of the TARGET records: 10
[12:32:42.160] {AccountContactRelation} Total amount of the SOURCE records: 51
[12:32:42.241] {AccountContactRelation} Total amount of the TARGET records: 0
[12:32:42.474] {Opportunity} Total amount of the SOURCE records: 5
[12:32:42.531] {Opportunity} Total amount of the TARGET records: 0
[12:32:42.763] {IDB_Client_Opportunity_Team_Member__c} Total amount of the SOURCE records: 0
[12:32:42.829] {IDB_Client_Opportunity_Team_Member__c} Total amount of the TARGET records: 0
[12:32:43.67] {Comment__c} Total amount of the SOURCE records: 0
[12:32:43.132] {Comment__c} Total amount of the TARGET records: 0
[12:32:43.359] {Document_Checklist_Template__c} Total amount of the SOURCE records: 26
[12:32:43.428] {Document_Checklist_Template__c} Total amount of the TARGET records: 0
[12:32:43.686] {Document_Checklist_Item__c} Total amount of the SOURCE records: 82
[12:32:43.760] {Document_Checklist_Item__c} Total amount of the TARGET records: 102
[12:32:44.368] {IDB_Integrity_Due_Diligence_Form__c} Total amount of the SOURCE records: 0
[12:32:44.437] {IDB_Integrity_Due_Diligence_Form__c} Total amount of the TARGET records: 0
[12:32:44.693] {IDB_Integrity_Due_Diligence_Form_Fund__c} Total amount of the SOURCE records: 0
[12:32:44.765] {IDB_Integrity_Due_Diligence_Form_Fund__c} Total amount of the TARGET records: 0

[12:32:44.766] PROCESSING ADDON HANDLERS ...
[12:32:44.767] No handlers to process.

[12:32:44.768] Ready to process the data.

[12:32:44.769] DELETING OLD DATA FROM THE TARGET ...
[12:32:44.770] {IDB_Integrity_Due_Diligence_Form_Fund__c} No records to delete.
[12:32:44.770] {IDB_Integrity_Due_Diligence_Form__c} No records to delete.
[12:32:44.771] {Document_Checklist_Item__c} No records to delete.
[12:32:44.771] {Document_Checklist_Template__c} No records to delete.
[12:32:44.772] {Comment__c} No records to delete.
[12:32:44.773] {IDB_Client_Opportunity_Team_Member__c} No records to delete.
[12:32:44.773] {Opportunity} No records to delete.
[12:32:44.774] {AccountContactRelation} No records to delete.
[12:32:44.775] {Account} No records to delete.
[12:32:44.776] {Contact} No records to delete.
[12:32:44.776] {Survey} No records to delete.
[12:32:44.777] {Campaign} No records to delete.
[12:32:44.778] {Pricebook2} No records to delete.
[12:32:44.778] {Quote} No records to delete.
[12:32:44.779] {Contract} No records to delete.
[12:32:44.780] {FinServ__FinancialAccount__c} No records to delete.
[12:32:44.780] {Individual} No records to delete.
[12:32:44.781] {RecordType} No records to delete.
[12:32:44.781] Deleting data was skipped.

[12:32:44.783] RETRIEVING THE DATA STEP 1 ...
[12:32:44.784] {RecordType} Retrieving the SOURCE data from Org (STEP 1: all records) ...
[12:32:44.784] {RecordType} Query string: SELECT Id, DeveloperName, Name, Description, IsActive  FROM  RecordType.
[12:32:45.224] {RecordType} Retrieving the SOURCE data has been completed. Fetched 67 new records.
[12:32:45.225] {Contact} Retrieving the SOURCE data from Org (STEP 1: all records) ...
[12:32:45.226] {Contact} Query string: SELECT Id, $$FirstName$LastName$Email$AccountId, AccountId, LastName, FirstName, Salutation, MiddleName, Suffix, MailingStreet, MailingCity, MailingState, MailingPostalCode, MailingCountry, MailingLatitude, MailingLongitude, MailingGeocodeAccuracy, P... FROM  Contact.
[12:32:46.163] {Contact} Retrieving the SOURCE data has been completed. Fetched 52 new records.
[12:32:46.166] {Account} Retrieving the SOURCE data from Org (STEP 1: all records) ...
[12:32:46.167] {Account} Query string: SELECT Id, RecordTypeId, $$Organization_Ext_Id__c$RecordTypeId, Name, Type, ParentId, BillingStreet, BillingCity, BillingState, BillingPostalCode, BillingCountry, BillingLatitude, BillingLongitude, BillingGeocodeAccuracy, ShippingStreet, ShippingCity... FROM  Account.
[12:32:46.609] {Account} Retrieving the SOURCE data has been completed. Fetched 9 new records.
[12:32:46.611] {AccountContactRelation} Retrieving the SOURCE data from Org (STEP 1: all records) ...
[12:32:46.611] {AccountContactRelation} Query string: SELECT Id, $$AccountId$ContactId, Roles, IsActive, StartDate, EndDate, Relationship_Strength__c, FinServ__IncludeInGroup__c, FinServ__PrimaryGroup__c, FinServ__Primary__c, FinServ__Rollups__c, FinServ__SourceSystemId__c  FROM  AccountContactRelation.
[12:32:46.918] {AccountContactRelation} Retrieving the SOURCE data has been completed. Fetched 51 new records.
[12:32:46.919] {IDB_Client_Opportunity_Team_Member__c} Retrieving the SOURCE data from Org (STEP 1: all records) ...
[12:32:46.920] {IDB_Client_Opportunity_Team_Member__c} Query string: SELECT Id, Name, Opportunity_Team_Member_Record_Id__c, Team_Role__c  FROM  IDB_Client_Opportunity_Team_Member__c.
[12:32:47.141] {IDB_Client_Opportunity_Team_Member__c} Retrieving the SOURCE data has been completed. Fetched 0 new records.
[12:32:47.142] {Comment__c} Retrieving the SOURCE data from Org (STEP 1: all records) ...
[12:32:47.143] {Comment__c} Query string: SELECT Id, Name, Comment__c  FROM  Comment__c.
[12:32:47.356] {Comment__c} Retrieving the SOURCE data has been completed. Fetched 0 new records.
[12:32:47.357] {Document_Checklist_Template__c} Retrieving the SOURCE data from Org (STEP 1: all records) ...
[12:32:47.358] {Document_Checklist_Template__c} Query string: SELECT Id, Name, Phase__c, Product_Family_Asset_Class__c, Product_Type__c, Product__c, Sector__c, Segment__c, Status__c, Template_Name__c  FROM  Document_Checklist_Template__c.
[12:32:47.605] {Document_Checklist_Template__c} Retrieving the SOURCE data has been completed. Fetched 26 new records.
[12:32:47.606] {Document_Checklist_Item__c} Retrieving the SOURCE data from Org (STEP 1: all records) ...
[12:32:47.607] {Document_Checklist_Item__c} Query string: SELECT Id, Name, Opportunity__c, ATI_Exception__c, Activity__c, Contains_PII__c, Description__c, Document_Type__c, EzShare_Document_Permalink__c, Function__c, IDB_ApprovalSubmitter_LastName__c, IDB_ApprovalSubmitter__c, IDB_EzShare_Number_Ext__c, IDB... FROM  Document_Checklist_Item__c.
[12:32:48.396] {Document_Checklist_Item__c} Retrieving the SOURCE data has been completed. Fetched 82 new records.
[12:32:48.397] {IDB_Integrity_Due_Diligence_Form__c} Retrieving the SOURCE data from Org (STEP 1: all records) ...
[12:32:48.398] {IDB_Integrity_Due_Diligence_Form__c} Query string: SELECT Id, Name, IDB_First_Name__c, IDB_Gender__c, IDB_Group_or_Brand_Name__c, IDB_Last_Name__c, IDB_Legal_Name__c, IDB_Level__c, IDB_Middle_Name__c, IDB_Name__c, IDB_Percentage__c, IDB_Place_of_Incorporation__c, IDB_Role__c, IDB_Salutation__c, IDB_S... FROM  IDB_Integrity_Due_Diligence_Form__c.
[12:32:48.652] {IDB_Integrity_Due_Diligence_Form__c} Retrieving the SOURCE data has been completed. Fetched 0 new records.
[12:32:48.654] {IDB_Integrity_Due_Diligence_Form_Fund__c} Retrieving the SOURCE data from Org (STEP 1: all records) ...
[12:32:48.655] {IDB_Integrity_Due_Diligence_Form_Fund__c} Query string: SELECT Id, Name, IDB_First_Name__c, IDB_Gender__c, IDB_Last_Name__c, IDB_Legal_Name__c, IDB_Level__c, IDB_Middle_Name__c, IDB_Name__c, IDB_Percentage__c, IDB_Place_of_Incorporation__c, IDB_Role__c, IDB_Salutation__c, IDB_Suffix__c, IDB_Title__c  FROM  IDB_Integrity_Due_Diligence_Form_Fund__c.
[12:32:48.888] {IDB_Integrity_Due_Diligence_Form_Fund__c} Retrieving the SOURCE data has been completed. Fetched 0 new records.
[12:32:48.890] Retrieving the data STEP 1 has been completed.

[12:32:48.892] RETRIEVING THE DATA STEP 2 ...
[12:32:48.893] PASS 1
[12:32:48.893] =============
[12:32:48.896] {Opportunity} Retrieving the SOURCE data from Org (STEP 2: filtered records) ...
[12:32:48.897] {Opportunity} Query string: SELECT Id, Name, AccountId, Description, StageName, Amount, Probability, CloseDate, Type, NextStep, LeadSource, ForecastCategoryName, CampaignId, Pricebook2Id, SyncedQuoteId, ContractId, Budget_Confirmed__c, Discovery_Completed__c, ROI_Analysis_Compl... FROM  Opportunity WHERE AccountId IN ('0013h000016mZHGAA2', '0013h000016oXFoAAM', '0013h000016oXFeAAM', '0013h000015l6QpAAI', '0013h000015l6klAAA', '0013h00000tzEy2AAE', '0013h00000tzEzVAAU', '0013h00000xXCU8AAO', '0013h00000xXBsZAAW').
[12:32:49.223] {Opportunity} Query string: SELECT Id, Name, AccountId, Description, StageName, Amount, Probability, CloseDate, Type, NextStep, LeadSource, ForecastCategoryName, CampaignId, Pricebook2Id, SyncedQuoteId, ContractId, Budget_Confirmed__c, Discovery_Completed__c, ROI_Analysis_Compl... FROM  Opportunity WHERE FinServ__Household__c IN ('0013h000016mZHGAA2', '0013h000016oXFoAAM', '0013h000016oXFeAAM', '0013h000015l6QpAAI', '0013h000015l6klAAA', '0013h00000tzEy2AAE', '0013h00000tzEzVAAU', '0013h00000xXCU8AAO', '0013h00000xXBsZAAW').
[12:32:49.474] {Opportunity} Query string: SELECT Id, Name, AccountId, Description, StageName, Amount, Probability, CloseDate, Type, NextStep, LeadSource, ForecastCategoryName, CampaignId, Pricebook2Id, SyncedQuoteId, ContractId, Budget_Confirmed__c, Discovery_Completed__c, ROI_Analysis_Compl... FROM  Opportunity WHERE FinServ__ReferredByContact__c IN ('0033h00000i9aDGAAY', '0033h00000i9aDLAAY', '0033h00000kSPBUAA4', '0033h00000kSPCdAAO', '0033h00000l03OvAAI', '0033h00000kSSznAAG', '0033h00000l07BtAAI', '0033h00000l07FHAAY', '0033h00000l07ByAAI',....
[12:32:49.784] {Opportunity} Query string: SELECT Id, Name, AccountId, Description, StageName, Amount, Probability, CloseDate, Type, NextStep, LeadSource, ForecastCategoryName, CampaignId, Pricebook2Id, SyncedQuoteId, ContractId, Budget_Confirmed__c, Discovery_Completed__c, ROI_Analysis_Compl... FROM  Opportunity WHERE Primary_Contact__c IN ('0033h00000i9aDGAAY', '0033h00000i9aDLAAY', '0033h00000kSPBUAA4', '0033h00000kSPCdAAO', '0033h00000l03OvAAI', '0033h00000kSSznAAG', '0033h00000l07BtAAI', '0033h00000l07FHAAY', '0033h00000l07ByAAI', '0033h0000....
[12:32:50.119] {Opportunity} Retrieving the SOURCE data has been completed. Fetched 5 new records.

[12:32:50.121] PASS 2
[12:32:50.122] =============
[12:32:50.123] No records

[12:32:50.125] PASS 3
[12:32:50.126] =============
[12:32:50.127] {Survey} Retrieving the SOURCE data from Org (STEP 1: filtered records) ...
[12:32:50.128] {Survey} Query string: SELECT Id, Name  FROM  Survey WHERE Id IN ('0Kd3h000000DdMSCA0').
[12:32:50.350] {Survey} Retrieving the SOURCE data has been completed. Fetched 1 new records.
[12:32:50.351] {Opportunity} Retrieving the SOURCE data from Org (STEP 1: filtered records) ...
[12:32:50.353] {Opportunity} Query string: SELECT Id, Name, AccountId, Description, StageName, Amount, Probability, CloseDate, Type, NextStep, LeadSource, ForecastCategoryName, CampaignId, Pricebook2Id, SyncedQuoteId, ContractId, Budget_Confirmed__c, Discovery_Completed__c, ROI_Analysis_Compl... FROM  Opportunity WHERE Id IN ('0063h00000FhMuFAAV', '0063h00000Fh8xiAAB', '0063h00000FhqgOAAR', '0063h00000Dyq2NAAR', '0063h00000DvWbsAAF').
[12:32:50.715] {Opportunity} Retrieving the SOURCE data has been completed. Fetched 0 new records.

[12:32:50.717] PASS 4
[12:32:50.718] =============
[12:32:50.720] No records

[12:32:50.721] TARGET
[12:32:50.722] =============
[12:32:50.723] {RecordType} Retrieving the TARGET data from Org (STEP 2: all records) ...
[12:32:50.724] {RecordType} Query string: SELECT Id, DeveloperName, Name, Description, IsActive  FROM  RecordType.
[12:32:50.800] {RecordType} Retrieving the TARGET data has been completed. Fetched 67 new records.
[12:32:50.802] {Contact} Retrieving the TARGET data from Org (STEP 2: all records) ...
[12:32:50.802] {Contact} Query string: SELECT Id, $$FirstName$LastName$Email$AccountId, AccountId, LastName, FirstName, Salutation, MiddleName, Suffix, MailingStreet, MailingCity, MailingState, MailingPostalCode, MailingCountry, MailingLatitude, MailingLongitude, MailingGeocodeAccuracy, P... FROM  Contact.
[12:32:50.915] {Contact} Retrieving the TARGET data has been completed. Fetched 0 new records.
[12:32:50.916] {Account} Retrieving the TARGET data from Org (STEP 2: all records) ...
[12:32:50.917] {Account} Query string: SELECT Id, RecordTypeId, $$Organization_Ext_Id__c$RecordTypeId, Name, Type, ParentId, BillingStreet, BillingCity, BillingState, BillingPostalCode, BillingCountry, BillingLatitude, BillingLongitude, BillingGeocodeAccuracy, ShippingStreet, ShippingCity... FROM  Account.
[12:32:51.25] {Account} Retrieving the TARGET data has been completed. Fetched 10 new records.
[12:32:51.27] {AccountContactRelation} Retrieving the TARGET data from Org (STEP 2: all records) ...
[12:32:51.28] {AccountContactRelation} Query string: SELECT Id, $$AccountId$ContactId, Roles, IsActive, StartDate, EndDate, Relationship_Strength__c, FinServ__IncludeInGroup__c, FinServ__PrimaryGroup__c, FinServ__Primary__c, FinServ__Rollups__c, FinServ__SourceSystemId__c  FROM  AccountContactRelation.
[12:32:51.106] {AccountContactRelation} Retrieving the TARGET data has been completed. Fetched 0 new records.
[12:32:51.107] {IDB_Client_Opportunity_Team_Member__c} Retrieving the TARGET data from Org (STEP 2: all records) ...
[12:32:51.108] {IDB_Client_Opportunity_Team_Member__c} Query string: SELECT Id, Name, Opportunity_Team_Member_Record_Id__c, Team_Role__c  FROM  IDB_Client_Opportunity_Team_Member__c.
[12:32:51.170] {IDB_Client_Opportunity_Team_Member__c} Retrieving the TARGET data has been completed. Fetched 0 new records.
[12:32:51.171] {Comment__c} Retrieving the TARGET data from Org (STEP 2: all records) ...
[12:32:51.172] {Comment__c} Query string: SELECT Id, Name, Comment__c  FROM  Comment__c.
[12:32:51.228] {Comment__c} Retrieving the TARGET data has been completed. Fetched 0 new records.
[12:32:51.229] {Document_Checklist_Template__c} Retrieving the TARGET data from Org (STEP 2: all records) ...
[12:32:51.230] {Document_Checklist_Template__c} Query string: SELECT Id, Name, Phase__c, Product_Family_Asset_Class__c, Product_Type__c, Product__c, Sector__c, Segment__c, Status__c, Template_Name__c  FROM  Document_Checklist_Template__c.
[12:32:51.282] {Document_Checklist_Template__c} Retrieving the TARGET data has been completed. Fetched 0 new records.
[12:32:51.283] {Document_Checklist_Item__c} Retrieving the TARGET data from Org (STEP 2: all records) ...
[12:32:51.284] {Document_Checklist_Item__c} Query string: SELECT Id, Name, Opportunity__c, ATI_Exception__c, Activity__c, Contains_PII__c, Description__c, Document_Type__c, EzShare_Document_Permalink__c, Function__c, IDB_ApprovalSubmitter_LastName__c, IDB_ApprovalSubmitter__c, IDB_EzShare_Number_Ext__c, IDB... FROM  Document_Checklist_Item__c.
[12:32:51.466] {Document_Checklist_Item__c} Retrieving the TARGET data has been completed. Fetched 102 new records.
[12:32:51.467] {IDB_Integrity_Due_Diligence_Form__c} Retrieving the TARGET data from Org (STEP 2: all records) ...
[12:32:51.468] {IDB_Integrity_Due_Diligence_Form__c} Query string: SELECT Id, Name, IDB_First_Name__c, IDB_Gender__c, IDB_Group_or_Brand_Name__c, IDB_Last_Name__c, IDB_Legal_Name__c, IDB_Level__c, IDB_Middle_Name__c, IDB_Name__c, IDB_Percentage__c, IDB_Place_of_Incorporation__c, IDB_Role__c, IDB_Salutation__c, IDB_S... FROM  IDB_Integrity_Due_Diligence_Form__c.
[12:32:51.524] {IDB_Integrity_Due_Diligence_Form__c} Retrieving the TARGET data has been completed. Fetched 0 new records.
[12:32:51.525] {IDB_Integrity_Due_Diligence_Form_Fund__c} Retrieving the TARGET data from Org (STEP 2: all records) ...
[12:32:51.526] {IDB_Integrity_Due_Diligence_Form_Fund__c} Query string: SELECT Id, Name, IDB_First_Name__c, IDB_Gender__c, IDB_Last_Name__c, IDB_Legal_Name__c, IDB_Level__c, IDB_Middle_Name__c, IDB_Name__c, IDB_Percentage__c, IDB_Place_of_Incorporation__c, IDB_Role__c, IDB_Salutation__c, IDB_Suffix__c, IDB_Title__c  FROM  IDB_Integrity_Due_Diligence_Form_Fund__c.
[12:32:51.607] {IDB_Integrity_Due_Diligence_Form_Fund__c} Retrieving the TARGET data has been completed. Fetched 0 new records.
[12:32:51.609] {Contract} Retrieving the TARGET data from Org (STEP 2: all records) ...
[12:32:51.610] {Contract} Query string: SELECT Id, ContractNumber  FROM  Contract.
[12:32:51.686] {Contract} Retrieving the TARGET data has been completed. Fetched 0 new records.
[12:32:51.687] {Survey} Retrieving the TARGET data from Org (STEP 2: filtered records) ...
[12:32:51.688] {Survey} Query string: SELECT Id, Name  FROM  Survey WHERE Name IN ('Gender Risk Assessment Tool').
[12:32:51.739] {Survey} Retrieving the TARGET data has been completed. Fetched 1 new records.
[12:32:51.741] {Opportunity} Retrieving the TARGET data from Org (STEP 2: filtered records) ...
[12:32:51.742] {Opportunity} Query string: SELECT Id, Name, AccountId, Description, StageName, Amount, Probability, CloseDate, Type, NextStep, LeadSource, ForecastCategoryName, CampaignId, Pricebook2Id, SyncedQuoteId, ContractId, Budget_Confirmed__c, Discovery_Completed__c, ROI_Analysis_Compl... FROM  Opportunity WHERE Name IN ('Grupo Pinero CV19 Facility', 'Sicredi - Green Bond', 'Promerica ES - Bond', 'TIA Trade Finance', 'Agripac LP').
[12:32:53.534] {Opportunity} Retrieving the TARGET data has been completed. Fetched 0 new records.
[12:32:53.536] Retrieving the data STEP 2 has been completed.

[12:32:53.538] PROCESSING ADDON HANDLERS ...
[12:32:53.539] No handlers to process.


[12:32:53.542] DATA RETRIEVING SUMMARY
[12:32:53.543] {RecordType} Total retrieved within all steps (source/target): 67/67 records.
[12:32:53.545] {Contact} Total retrieved within all steps (source/target): 52/0 records.
[12:32:53.546] {Account} Total retrieved within all steps (source/target): 9/10 records.
[12:32:53.547] {AccountContactRelation} Total retrieved within all steps (source/target): 51/0 records.
[12:32:53.548] {IDB_Client_Opportunity_Team_Member__c} Total retrieved within all steps (source/target): 0/0 records.
[12:32:53.549] {Comment__c} Total retrieved within all steps (source/target): 0/0 records.
[12:32:53.550] {Document_Checklist_Template__c} Total retrieved within all steps (source/target): 26/0 records.
[12:32:53.551] {Document_Checklist_Item__c} Total retrieved within all steps (source/target): 82/102 records.
[12:32:53.552] {IDB_Integrity_Due_Diligence_Form__c} Total retrieved within all steps (source/target): 0/0 records.
[12:32:53.553] {IDB_Integrity_Due_Diligence_Form_Fund__c} Total retrieved within all steps (source/target): 0/0 records.
[12:32:53.555] {Individual} Total retrieved within all steps (source/target): 0/0 records.
[12:32:53.555] {FinServ__FinancialAccount__c} Total retrieved within all steps (source/target): 0/0 records.
[12:32:53.556] {Contract} Total retrieved within all steps (source/target): 0/0 records.
[12:32:53.558] {Quote} Total retrieved within all steps (source/target): 0/0 records.
[12:32:53.559] {Pricebook2} Total retrieved within all steps (source/target): 0/0 records.
[12:32:53.560] {Campaign} Total retrieved within all steps (source/target): 0/0 records.
[12:32:53.561] {Survey} Total retrieved within all steps (source/target): 1/1 records.
[12:32:53.561] {Opportunity} Total retrieved within all steps (source/target): 5/0 records.

[12:32:53.564] UPDATING THE TARGET STEP 1 ...
[12:32:53.567] {RecordType} Number of records to Insert: 16.
[12:32:53.571] {RecordType} The Insert API operation has been started using REST API.
[12:32:53.572] [Job# REST:Insert] {RecordType} The job has been created. Uploading data ...
[12:32:53.671][WARN] [Batch# REST:Insert] {RecordType} Incompleted. 0 records succeeded, 16 records failed.
[12:32:53.672] {RecordType} The Insert API operation has been finished.
[12:32:53.678] {RecordType} [INFO] There are 51 skipped target updates, since no matching was found between the source and the target records by the given ExternalId key, or the data is the same.
[12:32:53.679] {RecordType} Updating the Target has been completed. Processed 16 records.
[12:32:53.684] {Contact} Number of records to Insert: 52.
[12:32:53.686] {Contact} The Insert API operation has been started using REST API.
[12:32:53.687] [Job# REST:Insert] {Contact} The job has been created. Uploading data ...
[12:32:55.71] {Contact} The Insert API operation has been finished.
[12:32:55.79] {Contact} Updating the Target has been completed. Processed 52 records.
[12:32:55.82] {Account} Number of records to Insert: 5.
[12:32:55.85] {Account} The Insert API operation has been started using REST API.
[12:32:55.86] [Job# REST:Insert] {Account} The job has been created. Uploading data ...
[12:32:55.636][WARN] [Batch# REST:Insert] {Account} Incompleted. 0 records succeeded, 5 records failed.
[12:32:55.638] {Account} The Insert API operation has been finished.
[12:32:55.644] {Account} [INFO] There are 4 skipped target updates, since no matching was found between the source and the target records by the given ExternalId key, or the data is the same.
[12:32:55.646] {Account} Updating the Target has been completed. Processed 5 records.
[12:32:55.651] {AccountContactRelation} Number of records to Insert: 51.
[12:32:55.653] {AccountContactRelation} The Insert API operation has been started using REST API.
[12:32:55.655] [Job# REST:Insert] {AccountContactRelation} The job has been created. Uploading data ...
[12:32:56.229][WARN] [Batch# REST:Insert] {AccountContactRelation} Incompleted. 0 records succeeded, 51 records failed.
[12:32:56.231] {AccountContactRelation} The Insert API operation has been finished.
[12:32:56.234] {AccountContactRelation} Updating the Target has been completed. Processed 51 records.
[12:32:56.237][WARN] {Opportunity} 5 missing parent lookup records were found. See MissingParentRecordsReport.csv file for the details.
[12:32:56.239] {Opportunity} Number of records to Insert: 5.
[12:32:56.241] {Opportunity} The Insert API operation has been started using REST API.
[12:32:56.242] [Job# REST:Insert] {Opportunity} The job has been created. Uploading data ...
[12:32:57.246] {Opportunity} The Insert API operation has been finished.
[12:32:57.254] {Opportunity} Updating the Target has been completed. Processed 5 records.
[12:32:57.259] {Document_Checklist_Template__c} Number of records to Insert: 26.
[12:32:57.262] {Document_Checklist_Template__c} The Insert API operation has been started using REST API.
[12:32:57.265] [Job# REST:Insert] {Document_Checklist_Template__c} The job has been created. Uploading data ...
[12:32:57.385][WARN] [Batch# REST:Insert] {Document_Checklist_Template__c} Incompleted. 0 records succeeded, 26 records failed.
[12:32:57.388] {Document_Checklist_Template__c} The Insert API operation has been finished.
[12:32:57.395] {Document_Checklist_Template__c} Updating the Target has been completed. Processed 26 records.
[12:32:57.409] {Document_Checklist_Item__c} Number of records to Insert: 4.
[12:32:57.412] {Document_Checklist_Item__c} The Insert API operation has been started using REST API.
[12:32:57.414] [Job# REST:Insert] {Document_Checklist_Item__c} The job has been created. Uploading data ...
[12:32:58.234] {Document_Checklist_Item__c} The Insert API operation has been finished.
[12:32:58.238] {Document_Checklist_Item__c} Number of records to Update: 78.
[12:32:58.241] {Document_Checklist_Item__c} The Update API operation has been started using REST API.
[12:32:58.243] [Job# REST:Update] {Document_Checklist_Item__c} The job has been created. Uploading data ...
[12:32:59.422] {Document_Checklist_Item__c} The Update API operation has been finished.
[12:32:59.436] {Document_Checklist_Item__c} Updating the Target has been completed. Processed 82 records.
[12:32:59.438] Updating the Target (STEP 1) has been completed. Total processed 237 records.

[12:32:59.443] UPDATING THE TARGET STEP 2 ...
[12:32:59.459][WARN] {Contact} 51 missing parent lookup records were found. See MissingParentRecordsReport.csv file for the details.
[12:32:59.466] {Account} [INFO] There are 4 skipped target updates, since no matching was found between the source and the target records by the given ExternalId key, or the data is the same.
[12:32:59.470] Nothing was updated

[12:32:59.475] PROCESSING ADDON HANDLERS ...
[12:32:59.478] No handlers to process.


[12:32:59.486] DATA PROCESSING SUMMARY
[12:32:59.490] {RecordType} Total processed within all steps (Insert + Update): 16 records.
[12:32:59.492] {Contact} Total processed within all steps (Insert + Update): 52 records.
[12:32:59.494] {Account} Total processed within all steps (Insert + Update): 5 records.
[12:32:59.497] {AccountContactRelation} Total processed within all steps (Insert + Update): 51 records.
[12:32:59.499] {IDB_Client_Opportunity_Team_Member__c} Total processed within all steps (Insert + Update): 0 records.
[12:32:59.502] {Comment__c} Total processed within all steps (Insert + Update): 0 records.
[12:32:59.504] {Document_Checklist_Template__c} Total processed within all steps (Insert + Update): 26 records.
[12:32:59.506] {Document_Checklist_Item__c} Total processed within all steps (Insert + Update): 82 records.
[12:32:59.508] {IDB_Integrity_Due_Diligence_Form__c} Total processed within all steps (Insert + Update): 0 records.
[12:32:59.510] {IDB_Integrity_Due_Diligence_Form_Fund__c} Total processed within all steps (Insert + Update): 0 records.
[12:32:59.513] {Individual} Total processed within all steps (Insert + Update): 0 records.
[12:32:59.515] {FinServ__FinancialAccount__c} Total processed within all steps (Insert + Update): 0 records.
[12:32:59.517] {Contract} Total processed within all steps (Insert + Update): 0 records.
[12:32:59.520] {Quote} Total processed within all steps (Insert + Update): 0 records.
[12:32:59.527] {Pricebook2} Total processed within all steps (Insert + Update): 0 records.
[12:32:59.530] {Campaign} Total processed within all steps (Insert + Update): 0 records.
[12:32:59.532] {Survey} Total processed within all steps (Insert + Update): 0 records.
[12:32:59.534] {Opportunity} Total processed within all steps (Insert + Update): 5 records.

[12:32:59.556] Writing to C:\Users\joseda\OneDrive - Inter-American Development Bank Group\Desktop\DataMover\IADBInvest\MissingParentRecordsReport.csv ...


[12:32:59.577] PROCESSING ADDON HANDLERS ...
[12:32:59.593] No handlers to process.

[12:32:59.709] Command succeeded.
[12:32:59.714] Execution of the command sfdmu:run has been finished. Exit code 0 (SUCCESS).
[12:32:59.720] Total time elapsed: 00h 00m 47s 267ms .