
[10:39:27.427] {"Running version":"4.4.2"}

[10:39:27.430] [[Core Manifest]] Loading addon manifest ...
[10:39:27.432] [[User Manifest]] Loading addon manifest ...
[10:39:27.715] Connecting to joseda@iadb.org.idbinvestprod using SFDX CLI ...
[10:39:30.547] Successfully connected to joseda@iadb.org.idbinvestprod.
[10:39:31.533] Connecting to joseda@iadb.org.idbinvestprod.codemerge using SFDX CLI ...
[10:39:33.236] Successfully connected to joseda@iadb.org.idbinvestprod.codemerge.
[10:39:33.591] {"SOURCE":"joseda@iadb.org.idbinvestprod.","TARGET":"joseda@iadb.org.idbinvestprod.codemerge.","Package script":"C:\\Users\\joseda\\OneDrive - Inter-American Development Bank Group\\Desktop\\DataMover\\IADBInvest\\export.json."}

[10:39:33.596] GETTING AND ANALYSING OBJECTS METADATA ...
[10:39:33.597] Processing the sObject Contact ...
[10:39:33.598] Getting metadata for Contact (SOURCE)
[10:39:34.863] Getting metadata for Contact (TARGET)
[10:39:35.184] Processing the sObject Account ...
[10:39:35.185] Getting metadata for Account (SOURCE)
[10:39:36.59] Getting metadata for Account (TARGET)
[10:39:36.318] Processing the sObject AccountContactRelation ...
[10:39:36.319] Getting metadata for AccountContactRelation (SOURCE)
[10:39:36.794] Getting metadata for AccountContactRelation (TARGET)
[10:39:36.918] Processing the sObject Opportunity ...
[10:39:36.921] Getting metadata for Opportunity (SOURCE)
[10:39:37.761] Getting metadata for Opportunity (TARGET)
[10:39:37.912] Processing the sObject IDB_Client_Opportunity_Team_Member__c ...
[10:39:37.913] Getting metadata for IDB_Client_Opportunity_Team_Member__c (SOURCE)
[10:39:38.266] Getting metadata for IDB_Client_Opportunity_Team_Member__c (TARGET)
[10:39:38.448] Processing the sObject Comment__c ...
[10:39:38.451] Getting metadata for Comment__c (SOURCE)
[10:39:38.827] Getting metadata for Comment__c (TARGET)
[10:39:38.974] Processing the sObject Document_Checklist_Template__c ...
[10:39:38.975] Getting metadata for Document_Checklist_Template__c (SOURCE)
[10:39:39.498] Getting metadata for Document_Checklist_Template__c (TARGET)
[10:39:39.661] Processing the sObject Document_Checklist_Item__c ...
[10:39:39.662] Getting metadata for Document_Checklist_Item__c (SOURCE)
[10:39:40.470] Getting metadata for Document_Checklist_Item__c (TARGET)
[10:39:40.873] Processing the sObject IDB_Integrity_Due_Diligence_Form__c ...
[10:39:40.874] Getting metadata for IDB_Integrity_Due_Diligence_Form__c (SOURCE)
[10:39:41.475] Getting metadata for IDB_Integrity_Due_Diligence_Form__c (TARGET)
[10:39:41.655] Processing the sObject IDB_Integrity_Due_Diligence_Form_Fund__c ...
[10:39:41.658] Getting metadata for IDB_Integrity_Due_Diligence_Form_Fund__c (SOURCE)
[10:39:42.239] Getting metadata for IDB_Integrity_Due_Diligence_Form_Fund__c (TARGET)
[10:39:42.422] Processing the sObject IDB_Integrity_Due_Diligence_Form_Fund__c ...
[10:39:42.426] Processing the sObject IDB_Integrity_Due_Diligence_Form__c ...
[10:39:42.429] Processing the sObject Document_Checklist_Item__c ...
[10:39:42.438] Getting metadata for Survey (SOURCE)
[10:39:42.880] Getting metadata for Survey (TARGET)
[10:39:43.46] The parent sobject Survey for the lookup field Document_Checklist_Item__c.IDB_Survey__c has been included into the process. The externalId is set to 'Name'.
[10:39:43.50] Processing the sObject Document_Checklist_Template__c ...
[10:39:43.53] Processing the sObject Comment__c ...
[10:39:43.56] Processing the sObject IDB_Client_Opportunity_Team_Member__c ...
[10:39:43.59] Processing the sObject Opportunity ...
[10:39:43.64] Getting metadata for Campaign (SOURCE)
[10:39:43.605] Getting metadata for Campaign (TARGET)
[10:39:43.815] The parent sobject Campaign for the lookup field Opportunity.CampaignId has been included into the process. The externalId is set to 'Name'.
[10:39:43.819] Getting metadata for Pricebook2 (SOURCE)
[10:39:44.104] Getting metadata for Pricebook2 (TARGET)
[10:39:44.228] The parent sobject Pricebook2 for the lookup field Opportunity.Pricebook2Id has been included into the process. The externalId is set to 'Name'.
[10:39:44.230] Getting metadata for Quote (SOURCE)
[10:39:44.870] Getting metadata for Quote (TARGET)
[10:39:45.21] The parent sobject Quote for the lookup field Opportunity.SyncedQuoteId has been included into the process. The externalId is set to 'Name'.
[10:39:45.22] Getting metadata for Contract (SOURCE)
[10:39:45.686] Getting metadata for Contract (TARGET)
[10:39:45.863] The parent sobject Contract for the lookup field Opportunity.ContractId has been included into the process. The externalId is set to 'ContractNumber'.
[10:39:45.865] Getting metadata for FinServ__FinancialAccount__c (SOURCE)
[10:39:46.667] Getting metadata for FinServ__FinancialAccount__c (TARGET)
[10:39:46.919] The parent sobject FinServ__FinancialAccount__c for the lookup field Opportunity.FinServ__FinancialAccount__c has been included into the process. The externalId is set to 'Name'.
[10:39:46.922] Processing the sObject AccountContactRelation ...
[10:39:46.924] Processing the sObject Account ...
[10:39:46.936] Processing the sObject Contact ...
[10:39:46.940] Getting metadata for Individual (SOURCE)
[10:39:47.373] Getting metadata for Individual (TARGET)
[10:39:47.918] The parent sobject Individual for the lookup field Contact.IndividualId has been included into the process. The externalId is set to 'Name'.

[10:39:47.931] PREPARING DATA MIGRATION JOB ...
[10:39:47.933] Building migration strategy ...
[10:39:47.946] {"Order of objects to retrieve data":"Account; Contact; AccountContactRelation; IDB_Client_Opportunity_Team_Member__c; Comment__c; Document_Checklist_Template__c; Document_Checklist_Item__c; IDB_Integrity_Due_Diligence_Form__c; IDB_Integrity_Due_Diligence_Form_Fund__c; Individual; FinServ__FinancialAccount__c; Contract; Quote; Pricebook2; Campaign; Survey; Opportunity"}
[10:39:47.946] {"Order of objects to delete data":"IDB_Integrity_Due_Diligence_Form_Fund__c; IDB_Integrity_Due_Diligence_Form__c; Document_Checklist_Item__c; Document_Checklist_Template__c; Comment__c; IDB_Client_Opportunity_Team_Member__c; Opportunity; AccountContactRelation; Contact; Account; Survey; Campaign; Pricebook2; Quote; Contract; FinServ__FinancialAccount__c; Individual"}
[10:39:47.947] {"Order of objects to update data":"Individual; FinServ__FinancialAccount__c; Contract; Quote; Pricebook2; Campaign; Survey; Account; Contact; AccountContactRelation; Opportunity; IDB_Client_Opportunity_Team_Member__c; Comment__c; Document_Checklist_Template__c; Document_Checklist_Item__c; IDB_Integrity_Due_Diligence_Form__c; IDB_Integrity_Due_Diligence_Form_Fund__c"}
[10:39:47.948] Preparing has been finished.

[10:39:47.949] GETTING THE TOTAL AMOUNT OF RECORDS LIMITED BY THE OBJECT'S SOQL QUERY ...
[10:39:48.224] {Individual} Total amount of the SOURCE records: 0
[10:39:48.293] {Individual} Total amount of the TARGET records: 0
[10:39:48.629] {FinServ__FinancialAccount__c} Total amount of the SOURCE records: 0
[10:39:48.724] {FinServ__FinancialAccount__c} Total amount of the TARGET records: 0
[10:39:48.970] {Contract} Total amount of the SOURCE records: 0
[10:39:49.31] {Contract} Total amount of the TARGET records: 0
[10:39:49.271] {Quote} Total amount of the SOURCE records: 0
[10:39:49.357] {Quote} Total amount of the TARGET records: 0
[10:39:49.626] {Pricebook2} Total amount of the SOURCE records: 1
[10:39:49.696] {Pricebook2} Total amount of the TARGET records: 1
[10:39:49.958] {Campaign} Total amount of the SOURCE records: 3
[10:39:50.11] {Campaign} Total amount of the TARGET records: 0
[10:39:50.312] {Survey} Total amount of the SOURCE records: 2
[10:39:50.575] {Survey} Total amount of the TARGET records: 2
[10:39:50.805] {Account} Total amount of the SOURCE records: 9
[10:39:50.914] {Account} Total amount of the TARGET records: 0
[10:39:51.203] {Contact} Total amount of the SOURCE records: 51
[10:39:52.635] {Contact} Total amount of the TARGET records: 0
[10:39:52.896] {AccountContactRelation} Total amount of the SOURCE records: 51
[10:39:52.952] {AccountContactRelation} Total amount of the TARGET records: 0
[10:39:53.204] {Opportunity} Total amount of the SOURCE records: 5
[10:39:53.288] {Opportunity} Total amount of the TARGET records: 0
[10:39:53.542] {IDB_Client_Opportunity_Team_Member__c} Total amount of the SOURCE records: 0
[10:39:53.592] {IDB_Client_Opportunity_Team_Member__c} Total amount of the TARGET records: 0
[10:39:53.818] {Comment__c} Total amount of the SOURCE records: 0
[10:39:53.890] {Comment__c} Total amount of the TARGET records: 0
[10:39:54.132] {Document_Checklist_Template__c} Total amount of the SOURCE records: 26
[10:39:54.179] {Document_Checklist_Template__c} Total amount of the TARGET records: 0
[10:39:54.828] {Document_Checklist_Item__c} Total amount of the SOURCE records: 79
[10:39:54.873] {Document_Checklist_Item__c} Total amount of the TARGET records: 0
[10:39:55.130] {IDB_Integrity_Due_Diligence_Form__c} Total amount of the SOURCE records: 0
[10:39:55.181] {IDB_Integrity_Due_Diligence_Form__c} Total amount of the TARGET records: 0
[10:39:55.475] {IDB_Integrity_Due_Diligence_Form_Fund__c} Total amount of the SOURCE records: 0
[10:39:55.525] {IDB_Integrity_Due_Diligence_Form_Fund__c} Total amount of the TARGET records: 0

[10:39:55.527] PROCESSING ADDON HANDLERS ...
[10:39:55.528] No handlers to process.

[10:39:55.529] Ready to process the data.

[10:39:55.531] DELETING OLD DATA FROM THE TARGET ...
[10:39:55.531] {IDB_Integrity_Due_Diligence_Form_Fund__c} No records to delete.
[10:39:55.532] {IDB_Integrity_Due_Diligence_Form__c} No records to delete.
[10:39:55.533] {Document_Checklist_Item__c} No records to delete.
[10:39:55.534] {Document_Checklist_Template__c} No records to delete.
[10:39:55.534] {Comment__c} No records to delete.
[10:39:55.535] {IDB_Client_Opportunity_Team_Member__c} No records to delete.
[10:39:55.536] {Opportunity} No records to delete.
[10:39:55.536] {AccountContactRelation} No records to delete.
[10:39:55.537] {Contact} No records to delete.
[10:39:55.538] {Account} No records to delete.
[10:39:55.539] {Survey} No records to delete.
[10:39:55.539] {Campaign} No records to delete.
[10:39:55.540] {Pricebook2} No records to delete.
[10:39:55.541] {Quote} No records to delete.
[10:39:55.541] {Contract} No records to delete.
[10:39:55.542] {FinServ__FinancialAccount__c} No records to delete.
[10:39:55.542] {Individual} No records to delete.
[10:39:55.543] Deleting data was skipped.

[10:39:55.545] RETRIEVING THE DATA STEP 1 ...
[10:39:55.547] {Account} Retrieving the SOURCE data from Org (STEP 1: all records) ...
[10:39:55.548] {Account} Query string: SELECT Id, Name, Type, ParentId, BillingStreet, BillingCity, BillingState, BillingPostalCode, BillingCountry, BillingLatitude, BillingLongitude, BillingGeocodeAccuracy, ShippingStreet, ShippingCity, ShippingState, ShippingPostalCode, ShippingCountry,... FROM  Account.
[10:39:55.974] {Account} Retrieving the SOURCE data has been completed. Fetched 9 new records.
[10:39:55.976] {Contact} Retrieving the SOURCE data from Org (STEP 1: all records) ...
[10:39:55.976] {Contact} Query string: SELECT Id, Name, AccountId, LastName, FirstName, Salutation, MiddleName, Suffix, MailingStreet, MailingCity, MailingState, MailingPostalCode, MailingCountry, MailingLatitude, MailingLongitude, MailingGeocodeAccuracy, Phone, Fax, MobilePhone, ReportsT... FROM  Contact WHERE accountid != ''.
[10:39:56.757] {Contact} Retrieving the SOURCE data has been completed. Fetched 51 new records.
[10:39:56.759] {AccountContactRelation} Retrieving the SOURCE data from Org (STEP 1: all records) ...
[10:39:56.760] {AccountContactRelation} Query string: SELECT Id, $$AccountId$ContactId, Roles, IsActive, StartDate, EndDate, Relationship_Strength__c, FinServ__IncludeInGroup__c, FinServ__PrimaryGroup__c, FinServ__Primary__c, FinServ__Rollups__c, FinServ__SourceSystemId__c  FROM  AccountContactRelation.
[10:39:57.108] {AccountContactRelation} Retrieving the SOURCE data has been completed. Fetched 51 new records.
[10:39:57.109] {IDB_Client_Opportunity_Team_Member__c} Retrieving the SOURCE data from Org (STEP 1: all records) ...
[10:39:57.109] {IDB_Client_Opportunity_Team_Member__c} Query string: SELECT Id, Name, Opportunity_Team_Member_Record_Id__c, Team_Role__c  FROM  IDB_Client_Opportunity_Team_Member__c.
[10:39:57.342] {IDB_Client_Opportunity_Team_Member__c} Retrieving the SOURCE data has been completed. Fetched 0 new records.
[10:39:57.343] {Comment__c} Retrieving the SOURCE data from Org (STEP 1: all records) ...
[10:39:57.344] {Comment__c} Query string: SELECT Id, Name, Comment__c  FROM  Comment__c.
[10:39:57.591] {Comment__c} Retrieving the SOURCE data has been completed. Fetched 0 new records.
[10:39:57.592] {Document_Checklist_Template__c} Retrieving the SOURCE data from Org (STEP 1: all records) ...
[10:39:57.594] {Document_Checklist_Template__c} Query string: SELECT Id, Name, Phase__c, Product_Family_Asset_Class__c, Product_Type__c, Product__c, Sector__c, Segment__c, Status__c, Template_Name__c  FROM  Document_Checklist_Template__c.
[10:39:57.910] {Document_Checklist_Template__c} Retrieving the SOURCE data has been completed. Fetched 26 new records.
[10:39:57.911] {Document_Checklist_Item__c} Retrieving the SOURCE data from Org (STEP 1: all records) ...
[10:39:57.912] {Document_Checklist_Item__c} Query string: SELECT Id, Name, Opportunity__c, ATI_Exception__c, Activity__c, Contains_PII__c, Description__c, Document_Type__c, EzShare_Document_Permalink__c, Function__c, IDB_ApprovalSubmitter_LastName__c, IDB_ApprovalSubmitter__c, IDB_EzShare_Number_Ext__c, IDB... FROM  Document_Checklist_Item__c.
[10:39:58.713] {Document_Checklist_Item__c} Retrieving the SOURCE data has been completed. Fetched 79 new records.
[10:39:58.715] {IDB_Integrity_Due_Diligence_Form__c} Retrieving the SOURCE data from Org (STEP 1: all records) ...
[10:39:58.717] {IDB_Integrity_Due_Diligence_Form__c} Query string: SELECT Id, Name, IDB_First_Name__c, IDB_Gender__c, IDB_Group_or_Brand_Name__c, IDB_Last_Name__c, IDB_Legal_Name__c, IDB_Level__c, IDB_Middle_Name__c, IDB_Name__c, IDB_Percentage__c, IDB_Place_of_Incorporation__c, IDB_Role__c, IDB_Salutation__c, IDB_S... FROM  IDB_Integrity_Due_Diligence_Form__c.
[10:39:58.953] {IDB_Integrity_Due_Diligence_Form__c} Retrieving the SOURCE data has been completed. Fetched 0 new records.
[10:39:58.955] {IDB_Integrity_Due_Diligence_Form_Fund__c} Retrieving the SOURCE data from Org (STEP 1: all records) ...
[10:39:58.955] {IDB_Integrity_Due_Diligence_Form_Fund__c} Query string: SELECT Id, Name, IDB_First_Name__c, IDB_Gender__c, IDB_Last_Name__c, IDB_Legal_Name__c, IDB_Level__c, IDB_Middle_Name__c, IDB_Name__c, IDB_Percentage__c, IDB_Place_of_Incorporation__c, IDB_Role__c, IDB_Salutation__c, IDB_Suffix__c, IDB_Title__c  FROM  IDB_Integrity_Due_Diligence_Form_Fund__c.
[10:39:59.215] {IDB_Integrity_Due_Diligence_Form_Fund__c} Retrieving the SOURCE data has been completed. Fetched 0 new records.
[10:39:59.218] Retrieving the data STEP 1 has been completed.

[10:39:59.220] RETRIEVING THE DATA STEP 2 ...
[10:39:59.220] PASS 1
[10:39:59.221] =============
[10:39:59.223] {Opportunity} Retrieving the SOURCE data from Org (STEP 2: filtered records) ...
[10:39:59.223] {Opportunity} Query string: SELECT Id, Name, AccountId, Description, StageName, Amount, Probability, CloseDate, Type, NextStep, LeadSource, ForecastCategoryName, CampaignId, Pricebook2Id, SyncedQuoteId, ContractId, Budget_Confirmed__c, Discovery_Completed__c, ROI_Analysis_Compl... FROM  Opportunity WHERE AccountId IN ('0013h000016mZHGAA2', '0013h000016oXFoAAM', '0013h000016oXFeAAM', '0013h000015l6QpAAI', '0013h000015l6klAAA', '0013h00000tzEy2AAE', '0013h00000tzEzVAAU', '0013h00000xXCU8AAO', '0013h00000xXBsZAAW').
[10:39:59.533] {Opportunity} Query string: SELECT Id, Name, AccountId, Description, StageName, Amount, Probability, CloseDate, Type, NextStep, LeadSource, ForecastCategoryName, CampaignId, Pricebook2Id, SyncedQuoteId, ContractId, Budget_Confirmed__c, Discovery_Completed__c, ROI_Analysis_Compl... FROM  Opportunity WHERE FinServ__Household__c IN ('0013h000016mZHGAA2', '0013h000016oXFoAAM', '0013h000016oXFeAAM', '0013h000015l6QpAAI', '0013h000015l6klAAA', '0013h00000tzEy2AAE', '0013h00000tzEzVAAU', '0013h00000xXCU8AAO', '0013h00000xXBsZAAW').
[10:39:59.788] {Opportunity} Query string: SELECT Id, Name, AccountId, Description, StageName, Amount, Probability, CloseDate, Type, NextStep, LeadSource, ForecastCategoryName, CampaignId, Pricebook2Id, SyncedQuoteId, ContractId, Budget_Confirmed__c, Discovery_Completed__c, ROI_Analysis_Compl... FROM  Opportunity WHERE FinServ__ReferredByContact__c IN ('0033h00000mdFJJAA2', '0033h00000mdFJTAA2', '0033h00000mdFIuAAM', '0033h00000mdFIvAAM', '0033h00000mdISTAA2', '0033h00000mdJEiAAM', '0033h00000mOim0AAC', '0033h00000i9aDGAAY', '0033h00000mdFJnAAM',....
[10:40:00.105] {Opportunity} Query string: SELECT Id, Name, AccountId, Description, StageName, Amount, Probability, CloseDate, Type, NextStep, LeadSource, ForecastCategoryName, CampaignId, Pricebook2Id, SyncedQuoteId, ContractId, Budget_Confirmed__c, Discovery_Completed__c, ROI_Analysis_Compl... FROM  Opportunity WHERE Primary_Contact__c IN ('0033h00000mdFJJAA2', '0033h00000mdFJTAA2', '0033h00000mdFIuAAM', '0033h00000mdFIvAAM', '0033h00000mdISTAA2', '0033h00000mdJEiAAM', '0033h00000mOim0AAC', '0033h00000i9aDGAAY', '0033h00000mdFJnAAM', '0033h0000....
[10:40:00.493] {Opportunity} Retrieving the SOURCE data has been completed. Fetched 5 new records.

[10:40:00.496] PASS 2
[10:40:00.497] =============
[10:40:00.498] No records

[10:40:00.501] PASS 3
[10:40:00.502] =============
[10:40:00.504] {Survey} Retrieving the SOURCE data from Org (STEP 1: filtered records) ...
[10:40:00.505] {Survey} Query string: SELECT Id, Name  FROM  Survey WHERE Id IN ('0Kd3h000000DdMSCA0').
[10:40:00.764] {Survey} Retrieving the SOURCE data has been completed. Fetched 1 new records.
[10:40:00.766] {Opportunity} Retrieving the SOURCE data from Org (STEP 1: filtered records) ...
[10:40:00.767] {Opportunity} Query string: SELECT Id, Name, AccountId, Description, StageName, Amount, Probability, CloseDate, Type, NextStep, LeadSource, ForecastCategoryName, CampaignId, Pricebook2Id, SyncedQuoteId, ContractId, Budget_Confirmed__c, Discovery_Completed__c, ROI_Analysis_Compl... FROM  Opportunity WHERE Id IN ('0063h00000FhMuFAAV', '0063h00000Fh8xiAAB', '0063h00000FhqgOAAR', '0063h00000Dyq2NAAR', '0063h00000DvWbsAAF').
[10:40:01.80] {Opportunity} Retrieving the SOURCE data has been completed. Fetched 0 new records.

[10:40:01.82] PASS 4
[10:40:01.83] =============
[10:40:01.85] No records

[10:40:01.87] TARGET
[10:40:01.88] =============
[10:40:01.90] {Account} Retrieving the TARGET data from Org (STEP 2: all records) ...
[10:40:01.91] {Account} Query string: SELECT Id, Name, Type, ParentId, BillingStreet, BillingCity, BillingState, BillingPostalCode, BillingCountry, BillingLatitude, BillingLongitude, BillingGeocodeAccuracy, ShippingStreet, ShippingCity, ShippingState, ShippingPostalCode, ShippingCountry,... FROM  Account.
[10:40:01.219] {Account} Retrieving the TARGET data has been completed. Fetched 0 new records.
[10:40:01.220] {Contact} Retrieving the TARGET data from Org (STEP 2: all records) ...
[10:40:01.221] {Contact} Query string: SELECT Id, Name, AccountId, LastName, FirstName, Salutation, MiddleName, Suffix, MailingStreet, MailingCity, MailingState, MailingPostalCode, MailingCountry, MailingLatitude, MailingLongitude, MailingGeocodeAccuracy, Phone, Fax, MobilePhone, ReportsT... FROM  Contact WHERE accountid != ''.
[10:40:01.348] {Contact} Retrieving the TARGET data has been completed. Fetched 0 new records.
[10:40:01.349] {AccountContactRelation} Retrieving the TARGET data from Org (STEP 2: all records) ...
[10:40:01.350] {AccountContactRelation} Query string: SELECT Id, $$AccountId$ContactId, Roles, IsActive, StartDate, EndDate, Relationship_Strength__c, FinServ__IncludeInGroup__c, FinServ__PrimaryGroup__c, FinServ__Primary__c, FinServ__Rollups__c, FinServ__SourceSystemId__c  FROM  AccountContactRelation.
[10:40:01.443] {AccountContactRelation} Retrieving the TARGET data has been completed. Fetched 0 new records.
[10:40:01.444] {IDB_Client_Opportunity_Team_Member__c} Retrieving the TARGET data from Org (STEP 2: all records) ...
[10:40:01.445] {IDB_Client_Opportunity_Team_Member__c} Query string: SELECT Id, Name, Opportunity_Team_Member_Record_Id__c, Team_Role__c  FROM  IDB_Client_Opportunity_Team_Member__c.
[10:40:01.529] {IDB_Client_Opportunity_Team_Member__c} Retrieving the TARGET data has been completed. Fetched 0 new records.
[10:40:01.531] {Comment__c} Retrieving the TARGET data from Org (STEP 2: all records) ...
[10:40:01.532] {Comment__c} Query string: SELECT Id, Name, Comment__c  FROM  Comment__c.
[10:40:01.616] {Comment__c} Retrieving the TARGET data has been completed. Fetched 0 new records.
[10:40:01.617] {Document_Checklist_Template__c} Retrieving the TARGET data from Org (STEP 2: all records) ...
[10:40:01.618] {Document_Checklist_Template__c} Query string: SELECT Id, Name, Phase__c, Product_Family_Asset_Class__c, Product_Type__c, Product__c, Sector__c, Segment__c, Status__c, Template_Name__c  FROM  Document_Checklist_Template__c.
[10:40:01.702] {Document_Checklist_Template__c} Retrieving the TARGET data has been completed. Fetched 0 new records.
[10:40:01.704] {Document_Checklist_Item__c} Retrieving the TARGET data from Org (STEP 2: all records) ...
[10:40:01.705] {Document_Checklist_Item__c} Query string: SELECT Id, Name, Opportunity__c, ATI_Exception__c, Activity__c, Contains_PII__c, Description__c, Document_Type__c, EzShare_Document_Permalink__c, Function__c, IDB_ApprovalSubmitter_LastName__c, IDB_ApprovalSubmitter__c, IDB_EzShare_Number_Ext__c, IDB... FROM  Document_Checklist_Item__c.
[10:40:01.789] {Document_Checklist_Item__c} Retrieving the TARGET data has been completed. Fetched 0 new records.
[10:40:01.790] {IDB_Integrity_Due_Diligence_Form__c} Retrieving the TARGET data from Org (STEP 2: all records) ...
[10:40:01.791] {IDB_Integrity_Due_Diligence_Form__c} Query string: SELECT Id, Name, IDB_First_Name__c, IDB_Gender__c, IDB_Group_or_Brand_Name__c, IDB_Last_Name__c, IDB_Legal_Name__c, IDB_Level__c, IDB_Middle_Name__c, IDB_Name__c, IDB_Percentage__c, IDB_Place_of_Incorporation__c, IDB_Role__c, IDB_Salutation__c, IDB_S... FROM  IDB_Integrity_Due_Diligence_Form__c.
[10:40:01.851] {IDB_Integrity_Due_Diligence_Form__c} Retrieving the TARGET data has been completed. Fetched 0 new records.
[10:40:01.852] {IDB_Integrity_Due_Diligence_Form_Fund__c} Retrieving the TARGET data from Org (STEP 2: all records) ...
[10:40:01.853] {IDB_Integrity_Due_Diligence_Form_Fund__c} Query string: SELECT Id, Name, IDB_First_Name__c, IDB_Gender__c, IDB_Last_Name__c, IDB_Legal_Name__c, IDB_Level__c, IDB_Middle_Name__c, IDB_Name__c, IDB_Percentage__c, IDB_Place_of_Incorporation__c, IDB_Role__c, IDB_Salutation__c, IDB_Suffix__c, IDB_Title__c  FROM  IDB_Integrity_Due_Diligence_Form_Fund__c.
[10:40:01.920] {IDB_Integrity_Due_Diligence_Form_Fund__c} Retrieving the TARGET data has been completed. Fetched 0 new records.
[10:40:01.922] {Contract} Retrieving the TARGET data from Org (STEP 2: all records) ...
[10:40:01.923] {Contract} Query string: SELECT Id, ContractNumber  FROM  Contract.
[10:40:01.994] {Contract} Retrieving the TARGET data has been completed. Fetched 0 new records.
[10:40:01.996] {Survey} Retrieving the TARGET data from Org (STEP 2: filtered records) ...
[10:40:01.997] {Survey} Query string: SELECT Id, Name  FROM  Survey WHERE Name IN ('Gender Risk Assessment Tool').
[10:40:02.72] {Survey} Retrieving the TARGET data has been completed. Fetched 1 new records.
[10:40:02.74] {Opportunity} Retrieving the TARGET data from Org (STEP 2: filtered records) ...
[10:40:02.76] {Opportunity} Query string: SELECT Id, Name, AccountId, Description, StageName, Amount, Probability, CloseDate, Type, NextStep, LeadSource, ForecastCategoryName, CampaignId, Pricebook2Id, SyncedQuoteId, ContractId, Budget_Confirmed__c, Discovery_Completed__c, ROI_Analysis_Compl... FROM  Opportunity WHERE Name IN ('Grupo Pinero CV19 Facility', 'Sicredi - Green Bond', 'Promerica ES - Bond', 'TIA Trade Finance', 'Agripac LP').
[10:40:02.174] {Opportunity} Retrieving the TARGET data has been completed. Fetched 0 new records.
[10:40:02.176] Retrieving the data STEP 2 has been completed.

[10:40:02.178] PROCESSING ADDON HANDLERS ...
[10:40:02.179] No handlers to process.


[10:40:02.182] DATA RETRIEVING SUMMARY
[10:40:02.183] {Account} Total retrieved within all steps (source/target): 9/0 records.
[10:40:02.184] {Contact} Total retrieved within all steps (source/target): 51/0 records.
[10:40:02.185] {AccountContactRelation} Total retrieved within all steps (source/target): 51/0 records.
[10:40:02.187] {IDB_Client_Opportunity_Team_Member__c} Total retrieved within all steps (source/target): 0/0 records.
[10:40:02.187] {Comment__c} Total retrieved within all steps (source/target): 0/0 records.
[10:40:02.188] {Document_Checklist_Template__c} Total retrieved within all steps (source/target): 26/0 records.
[10:40:02.189] {Document_Checklist_Item__c} Total retrieved within all steps (source/target): 79/0 records.
[10:40:02.190] {IDB_Integrity_Due_Diligence_Form__c} Total retrieved within all steps (source/target): 0/0 records.
[10:40:02.191] {IDB_Integrity_Due_Diligence_Form_Fund__c} Total retrieved within all steps (source/target): 0/0 records.
[10:40:02.192] {Individual} Total retrieved within all steps (source/target): 0/0 records.
[10:40:02.193] {FinServ__FinancialAccount__c} Total retrieved within all steps (source/target): 0/0 records.
[10:40:02.194] {Contract} Total retrieved within all steps (source/target): 0/0 records.
[10:40:02.195] {Quote} Total retrieved within all steps (source/target): 0/0 records.
[10:40:02.196] {Pricebook2} Total retrieved within all steps (source/target): 0/0 records.
[10:40:02.197] {Campaign} Total retrieved within all steps (source/target): 0/0 records.
[10:40:02.198] {Survey} Total retrieved within all steps (source/target): 1/1 records.
[10:40:02.199] {Opportunity} Total retrieved within all steps (source/target): 5/0 records.

[10:40:02.202] UPDATING THE TARGET STEP 1 ...
[10:40:02.207] {Account} Number of records to Insert: 9.
[10:40:02.211] {Account} The Insert API operation has been started using REST API.
[10:40:02.212] [Job# REST:Insert] {Account} The job has been created. Uploading data ...
[10:40:04.62] {Account} The Insert API operation has been finished.
[10:40:04.69] {Account} Updating the Target has been completed. Processed 9 records.
[10:40:04.77] {Contact} Number of records to Insert: 51.
[10:40:04.79] {Contact} The Insert API operation has been started using REST API.
[10:40:04.80] [Job# REST:Insert] {Contact} The job has been created. Uploading data ...
[10:40:05.236][WARN] [Batch# REST:Insert] {Contact} Incompleted. 0 records succeeded, 51 records failed.
[10:40:05.238] {Contact} The Insert API operation has been finished.
[10:40:05.243] {Contact} Updating the Target has been completed. Processed 51 records.
[10:40:05.246] {AccountContactRelation} Number of records to Insert: 51.
[10:40:05.248] {AccountContactRelation} The Insert API operation has been started using REST API.
[10:40:05.250] [Job# REST:Insert] {AccountContactRelation} The job has been created. Uploading data ...
[10:40:06.824][WARN] [Batch# REST:Insert] {AccountContactRelation} Incompleted. 0 records succeeded, 51 records failed.
[10:40:06.825] {AccountContactRelation} The Insert API operation has been finished.
[10:40:06.830] {AccountContactRelation} Updating the Target has been completed. Processed 51 records.
[10:40:06.833][WARN] {Opportunity} 5 missing parent lookup records were found. See MissingParentRecordsReport.csv file for the details.
[10:40:06.834] {Opportunity} Number of records to Insert: 5.
[10:40:06.836] {Opportunity} The Insert API operation has been started using REST API.
[10:40:06.837] [Job# REST:Insert] {Opportunity} The job has been created. Uploading data ...
[10:40:08.520][WARN] [Batch# REST:Insert] {Opportunity} Incompleted. 0 records succeeded, 5 records failed.
[10:40:08.521] {Opportunity} The Insert API operation has been finished.
[10:40:08.524] {Opportunity} Updating the Target has been completed. Processed 5 records.
[10:40:08.526] {Document_Checklist_Template__c} Number of records to Insert: 26.
[10:40:08.527] {Document_Checklist_Template__c} The Insert API operation has been started using REST API.
[10:40:08.528] [Job# REST:Insert] {Document_Checklist_Template__c} The job has been created. Uploading data ...
[10:40:08.646][WARN] [Batch# REST:Insert] {Document_Checklist_Template__c} Incompleted. 0 records succeeded, 26 records failed.
[10:40:08.648] {Document_Checklist_Template__c} The Insert API operation has been finished.
[10:40:08.651] {Document_Checklist_Template__c} Updating the Target has been completed. Processed 26 records.
[10:40:08.657][WARN] {Document_Checklist_Item__c} 79 missing parent lookup records were found. See MissingParentRecordsReport.csv file for the details.
[10:40:08.658] {Document_Checklist_Item__c} Number of records to Insert: 79.
[10:40:08.659] {Document_Checklist_Item__c} The Insert API operation has been started using REST API.
[10:40:08.661] [Job# REST:Insert] {Document_Checklist_Item__c} The job has been created. Uploading data ...
[10:40:11.640] {Document_Checklist_Item__c} The Insert API operation has been finished.
[10:40:11.647] {Document_Checklist_Item__c} Updating the Target has been completed. Processed 79 records.
[10:40:11.649] Updating the Target (STEP 1) has been completed. Total processed 221 records.

[10:40:11.652] UPDATING THE TARGET STEP 2 ...
[10:40:11.661] Nothing was updated

[10:40:11.664] PROCESSING ADDON HANDLERS ...
[10:40:11.665] No handlers to process.


[10:40:11.670] DATA PROCESSING SUMMARY
[10:40:11.671] {Account} Total processed within all steps (Insert + Update): 9 records.
[10:40:11.673] {Contact} Total processed within all steps (Insert + Update): 51 records.
[10:40:11.674] {AccountContactRelation} Total processed within all steps (Insert + Update): 51 records.
[10:40:11.675] {IDB_Client_Opportunity_Team_Member__c} Total processed within all steps (Insert + Update): 0 records.
[10:40:11.677] {Comment__c} Total processed within all steps (Insert + Update): 0 records.
[10:40:11.678] {Document_Checklist_Template__c} Total processed within all steps (Insert + Update): 26 records.
[10:40:11.680] {Document_Checklist_Item__c} Total processed within all steps (Insert + Update): 79 records.
[10:40:11.682] {IDB_Integrity_Due_Diligence_Form__c} Total processed within all steps (Insert + Update): 0 records.
[10:40:11.683] {IDB_Integrity_Due_Diligence_Form_Fund__c} Total processed within all steps (Insert + Update): 0 records.
[10:40:11.685] {Individual} Total processed within all steps (Insert + Update): 0 records.
[10:40:11.686] {FinServ__FinancialAccount__c} Total processed within all steps (Insert + Update): 0 records.
[10:40:11.688] {Contract} Total processed within all steps (Insert + Update): 0 records.
[10:40:11.689] {Quote} Total processed within all steps (Insert + Update): 0 records.
[10:40:11.690] {Pricebook2} Total processed within all steps (Insert + Update): 0 records.
[10:40:11.692] {Campaign} Total processed within all steps (Insert + Update): 0 records.
[10:40:11.693] {Survey} Total processed within all steps (Insert + Update): 0 records.
[10:40:11.695] {Opportunity} Total processed within all steps (Insert + Update): 5 records.

[10:40:11.697] Writing to C:\Users\joseda\OneDrive - Inter-American Development Bank Group\Desktop\DataMover\IADBInvest\MissingParentRecordsReport.csv ...


[10:40:11.702] PROCESSING ADDON HANDLERS ...
[10:40:11.703] No handlers to process.

[10:40:11.738] Command succeeded.
[10:40:11.741] Execution of the command sfdmu:run has been finished. Exit code 0 (SUCCESS).
[10:40:11.743] Total time elapsed: 00h 00m 44s 319ms .